<?xml version="1.0" encoding="UTF-8"?>
<!-- Generated by org.testng.reporters.JUnitReportReporter -->
<testsuite skipped="0" hostname="Shrey-Parashar" name="testInitialization.TresgenAgeGate" tests="2" failures="0" timestamp="2020-05-31T15:30:02 IST" time="4.336" errors="0">
  <testcase name="UILaunch" time="3.655" classname="testInitialization.TresgenAgeGate"/>
  <testcase name="ValidAgeGateText" time="0.681" classname="testInitialization.TresgenAgeGate"/>
</testsuite> <!-- testInitialization.TresgenAgeGate -->
